# JRE version: OpenJDK Runtime Environment (11.0.5+10) (build 11.0.5+10-post-Ubuntu-0ubuntu1.118.04)
# Java VM: OpenJDK 64-Bit Server VM (11.0.5+10-post-Ubuntu-0ubuntu1.118.04, mixed mode, sharing, tiered, compressed oops, g1 gc, linux-amd64)
Heap:
 garbage-first heap   total 158720K, used 28162K [0x00000000c3e00000, 0x0000000100000000)
  region size 1024K, 3 young (3072K), 3 survivors (3072K)
 Metaspace       used 27152K, capacity 28222K, committed 28544K, reserved 1075200K
  class space    used 3084K, capacity 3391K, committed 3456K, reserved 1048576K
GC Heap History (19 events):
Event: 0.821 GC heap before
{Heap before GC invocations=0 (full 0):
 garbage-first heap   total 65536K, used 14008K [0x00000000c3e00000, 0x0000000100000000)
  region size 1024K, 14 young (14336K), 0 survivors (0K)
 Metaspace       used 3923K, capacity 6961K, committed 7296K, reserved 1056768K
  class space    used 465K, capacity 792K, committed 896K, reserved 1048576K
}
Event: 0.838 GC heap after
{Heap after GC invocations=1 (full 0):
 garbage-first heap   total 65536K, used 3206K [0x00000000c3e00000, 0x0000000100000000)
  region size 1024K, 2 young (2048K), 2 survivors (2048K)
 Metaspace       used 3923K, capacity 6961K, committed 7296K, reserved 1056768K
  class space    used 465K, capacity 792K, committed 896K, reserved 1048576K
}
Event: 1.088 GC heap before
{Heap before GC invocations=1 (full 0):
 garbage-first heap   total 65536K, used 15494K [0x00000000c3e00000, 0x0000000100000000)
  region size 1024K, 14 young (14336K), 2 survivors (2048K)
 Metaspace       used 5238K, capacity 7741K, committed 7936K, reserved 1056768K
  class space    used 656K, capacity 924K, committed 1024K, reserved 1048576K
}
Event: 1.106 GC heap after
{Heap after GC invocations=2 (full 0):
 garbage-first heap   total 65536K, used 3754K [0x00000000c3e00000, 0x0000000100000000)
  region size 1024K, 1 young (1024K), 1 survivors (1024K)
 Metaspace       used 5238K, capacity 7741K, committed 7936K, reserved 1056768K
  class space    used 656K, capacity 924K, committed 1024K, reserved 1048576K
}
Event: 1.996 GC heap before
{Heap before GC invocations=2 (full 0):
 garbage-first heap   total 65536K, used 30378K [0x00000000c3e00000, 0x0000000100000000)
  region size 1024K, 27 young (27648K), 1 survivors (1024K)
 Metaspace       used 9889K, capacity 11988K, committed 12288K, reserved 1060864K
  class space    used 1227K, capacity 1483K, committed 1536K, reserved 1048576K
}
Event: 2.026 GC heap after
{Heap after GC invocations=3 (full 0):
 garbage-first heap   total 65536K, used 5092K [0x00000000c3e00000, 0x0000000100000000)
  region size 1024K, 2 young (2048K), 2 survivors (2048K)
 Metaspace       used 9889K, capacity 11988K, committed 12288K, reserved 1060864K
  class space    used 1227K, capacity 1483K, committed 1536K, reserved 1048576K
}
Event: 3.522 GC heap before
{Heap before GC invocations=3 (full 0):
 garbage-first heap   total 65536K, used 36836K [0x00000000c3e00000, 0x0000000100000000)
  region size 1024K, 33 young (33792K), 2 survivors (2048K)
 Metaspace       used 13635K, capacity 15151K, committed 15488K, reserved 1062912K
  class space    used 1630K, capacity 1845K, committed 1920K, reserved 1048576K
}
Event: 3.549 GC heap after
{Heap after GC invocations=4 (full 0):
 garbage-first heap   total 65536K, used 7788K [0x00000000c3e00000, 0x0000000100000000)
  region size 1024K, 5 young (5120K), 5 survivors (5120K)
 Metaspace       used 13635K, capacity 15151K, committed 15488K, reserved 1062912K
  class space    used 1630K, capacity 1845K, committed 1920K, reserved 1048576K
}
Event: 4.798 GC heap before
{Heap before GC invocations=4 (full 0):
 garbage-first heap   total 65536K, used 40556K [0x00000000c3e00000, 0x0000000100000000)
  region size 1024K, 37 young (37888K), 5 survivors (5120K)
 Metaspace       used 14331K, capacity 15720K, committed 16000K, reserved 1062912K
  class space    used 1661K, capacity 1885K, committed 1920K, reserved 1048576K
}
Event: 4.915 GC heap after
{Heap after GC invocations=5 (full 0):
 garbage-first heap   total 97280K, used 11902K [0x00000000c3e00000, 0x0000000100000000)
  region size 1024K, 5 young (5120K), 5 survivors (5120K)
 Metaspace       used 14331K, capacity 15720K, committed 16000K, reserved 1062912K
  class space    used 1661K, capacity 1885K, committed 1920K, reserved 1048576K
}
Event: 9.053 GC heap before
{Heap before GC invocations=5 (full 0):
 garbage-first heap   total 97280K, used 56958K [0x00000000c3e00000, 0x0000000100000000)
  region size 1024K, 49 young (50176K), 5 survivors (5120K)
 Metaspace       used 14715K, capacity 16069K, committed 16256K, reserved 1062912K
  class space    used 1688K, capacity 1895K, committed 1920K, reserved 1048576K
}
Event: 9.128 GC heap after
{Heap after GC invocations=6 (full 0):
 garbage-first heap   total 97280K, used 16017K [0x00000000c3e00000, 0x0000000100000000)
  region size 1024K, 5 young (5120K), 5 survivors (5120K)
 Metaspace       used 14715K, capacity 16069K, committed 16256K, reserved 1062912K
  class space    used 1688K, capacity 1895K, committed 1920K, reserved 1048576K
}
Event: 20.159 GC heap before
{Heap before GC invocations=6 (full 0):
 garbage-first heap   total 97280K, used 65169K [0x00000000c3e00000, 0x0000000100000000)
  region size 1024K, 53 young (54272K), 5 survivors (5120K)
 Metaspace       used 16174K, capacity 17538K, committed 17792K, reserved 1064960K
  class space    used 1832K, capacity 2081K, committed 2176K, reserved 1048576K
}
Event: 20.231 GC heap after
{Heap after GC invocations=7 (full 0):
 garbage-first heap   total 97280K, used 18485K [0x00000000c3e00000, 0x0000000100000000)
  region size 1024K, 3 young (3072K), 3 survivors (3072K)
 Metaspace       used 16174K, capacity 17538K, committed 17792K, reserved 1064960K
  class space    used 1832K, capacity 2081K, committed 2176K, reserved 1048576K
}
Event: 26.894 GC heap before
{Heap before GC invocations=7 (full 0):
 garbage-first heap   total 97280K, used 41013K [0x00000000c3e00000, 0x0000000100000000)
  region size 1024K, 26 young (26624K), 3 survivors (3072K)
 Metaspace       used 19875K, capacity 21023K, committed 21248K, reserved 1069056K
  class space    used 2309K, capacity 2521K, committed 2560K, reserved 1048576K
}
Event: 26.929 GC heap after
{Heap after GC invocations=8 (full 0):
 garbage-first heap   total 97280K, used 19509K [0x00000000c3e00000, 0x0000000100000000)
  region size 1024K, 4 young (4096K), 4 survivors (4096K)
 Metaspace       used 19875K, capacity 21023K, committed 21248K, reserved 1069056K
  class space    used 2309K, capacity 2521K, committed 2560K, reserved 1048576K
}
Event: 36.996 GC heap before
{Heap before GC invocations=9 (full 0):
 garbage-first heap   total 97280K, used 62517K [0x00000000c3e00000, 0x0000000100000000)
  region size 1024K, 46 young (47104K), 4 survivors (4096K)
 Metaspace       used 25582K, capacity 26547K, committed 26880K, reserved 1073152K
  class space    used 2932K, capacity 3234K, committed 3328K, reserved 1048576K
}
Event: 37.206 GC heap after
{Heap after GC invocations=10 (full 0):
 garbage-first heap   total 97280K, used 26388K [0x00000000c3e00000, 0x0000000100000000)
  region size 1024K, 6 young (6144K), 6 survivors (6144K)
 Metaspace       used 25582K, capacity 26547K, committed 26880K, reserved 1073152K
  class space    used 2932K, capacity 3234K, committed 3328K, reserved 1048576K
}
Event: 56.170 GC heap before
{Heap before GC invocations=10 (full 0):
 garbage-first heap   total 97280K, used 65300K [0x00000000c3e00000, 0x0000000100000000)
  region size 1024K, 44 young (45056K), 6 survivors (6144K)
 Metaspace       used 27152K, capacity 28222K, committed 28544K, reserved 1075200K
  class space    used 3084K, capacity 3391K, committed 3456K, reserved 1048576K
}

